# JRE version: Java(TM) SE Runtime Environment (21.0.4+8) (build 21.0.4+8-LTS-274)
# Java VM: Java HotSpot(TM) 64-Bit Server VM (21.0.4+8-LTS-274, mixed mode, sharing, tiered, compressed oops, compressed class ptrs, g1 gc, windows-amd64)
GC Precious Log:
 CardTable entry size: 512
 Card Set container configuration: InlinePtr #cards 5 size 8 Array Of Cards #cards 12 size 40 Howl #buckets 4 coarsen threshold 1843 Howl Bitmap #cards 512 size 80 coarsen threshold 460 Card regions per heap region 1 cards per card region 2048
 CPUs: 18 total, 18 available
 Memory: 15964M
 Large Page Support: Disabled
 NUMA Support: Disabled
 Compressed Oops: Enabled (32-bit)
 Heap Region Size: 1M
 Heap Min Capacity: 256M
 Heap Initial Capacity: 256M
 Heap Max Capacity: 512M
 Pre-touch: Disabled
 Parallel Workers: 14
 Concurrent Workers: 4
 Concurrent Refinement Workers: 14
 Periodic GC: Disabled
Heap:
 garbage-first heap   total 267264K, used 137340K [0x00000000e0000000, 0x0000000100000000)
  region size 1024K, 7 young (7168K), 5 survivors (5120K)
 Metaspace       used 77225K, committed 80512K, reserved 458752K
  class space    used 10137K, committed 11712K, reserved 327680K
GC Heap History (20 events):
Event: 660.473 GC heap before
{Heap before GC invocations=12 (full 0):
 garbage-first heap   total 262144K, used 195896K [0x00000000e0000000, 0x0000000100000000)
  region size 1024K, 153 young (156672K), 18 survivors (18432K)
 Metaspace       used 63631K, committed 65600K, reserved 393216K
  class space    used 8946K, committed 9920K, reserved 327680K
}
Event: 660.492 GC heap after
{Heap after GC invocations=13 (full 0):
 garbage-first heap   total 262144K, used 77587K [0x00000000e0000000, 0x0000000100000000)
  region size 1024K, 20 young (20480K), 20 survivors (20480K)
 Metaspace       used 63631K, committed 65600K, reserved 393216K
  class space    used 8946K, committed 9920K, reserved 327680K
}
Event: 663.930 GC heap before
{Heap before GC invocations=13 (full 0):
 garbage-first heap   total 262144K, used 216851K [0x00000000e0000000, 0x0000000100000000)
  region size 1024K, 153 young (156672K), 20 survivors (20480K)
 Metaspace       used 73292K, committed 75392K, reserved 393216K
  class space    used 10074K, committed 11136K, reserved 327680K
}
Event: 663.949 GC heap after
{Heap after GC invocations=14 (full 0):
 garbage-first heap   total 267264K, used 107692K [0x00000000e0000000, 0x0000000100000000)
  region size 1024K, 20 young (20480K), 20 survivors (20480K)
 Metaspace       used 73292K, committed 75392K, reserved 393216K
  class space    used 10074K, committed 11136K, reserved 327680K
}
Event: 666.435 GC heap before
{Heap before GC invocations=14 (full 0):
 garbage-first heap   total 267264K, used 223404K [0x00000000e0000000, 0x0000000100000000)
  region size 1024K, 133 young (136192K), 20 survivors (20480K)
 Metaspace       used 77759K, committed 80000K, reserved 458752K
  class space    used 10631K, committed 11712K, reserved 327680K
}
Event: 666.444 GC heap after
{Heap after GC invocations=15 (full 0):
 garbage-first heap   total 267264K, used 109803K [0x00000000e0000000, 0x0000000100000000)
  region size 1024K, 8 young (8192K), 8 survivors (8192K)
 Metaspace       used 77759K, committed 80000K, reserved 458752K
  class space    used 10631K, committed 11712K, reserved 327680K
}
Event: 6052.950 GC heap before
{Heap before GC invocations=15 (full 0):
 garbage-first heap   total 267264K, used 226539K [0x00000000e0000000, 0x0000000100000000)
  region size 1024K, 123 young (125952K), 8 survivors (8192K)
 Metaspace       used 78027K, committed 80256K, reserved 458752K
  class space    used 10640K, committed 11712K, reserved 327680K
}
Event: 6052.965 GC heap after
{Heap after GC invocations=16 (full 0):
 garbage-first heap   total 267264K, used 108889K [0x00000000e0000000, 0x0000000100000000)
  region size 1024K, 7 young (7168K), 7 survivors (7168K)
 Metaspace       used 78027K, committed 80256K, reserved 458752K
  class space    used 10640K, committed 11712K, reserved 327680K
}
Event: 6069.805 GC heap before
{Heap before GC invocations=16 (full 0):
 garbage-first heap   total 267264K, used 232793K [0x00000000e0000000, 0x0000000100000000)
  region size 1024K, 129 young (132096K), 7 survivors (7168K)
 Metaspace       used 78783K, committed 81024K, reserved 458752K
  class space    used 10653K, committed 11776K, reserved 327680K
}
Event: 6069.816 GC heap after
{Heap after GC invocations=17 (full 0):
 garbage-first heap   total 267264K, used 120250K [0x00000000e0000000, 0x0000000100000000)
  region size 1024K, 17 young (17408K), 17 survivors (17408K)
 Metaspace       used 78783K, committed 81024K, reserved 458752K
  class space    used 10653K, committed 11776K, reserved 327680K
}
Event: 6070.051 GC heap before
{Heap before GC invocations=17 (full 0):
 garbage-first heap   total 267264K, used 154042K [0x00000000e0000000, 0x0000000100000000)
  region size 1024K, 51 young (52224K), 17 survivors (17408K)
 Metaspace       used 78851K, committed 81152K, reserved 458752K
  class space    used 10653K, committed 11776K, reserved 327680K
}
Event: 6070.063 GC heap after
{Heap after GC invocations=18 (full 0):
 garbage-first heap   total 267264K, used 125565K [0x00000000e0000000, 0x0000000100000000)
  region size 1024K, 5 young (5120K), 5 survivors (5120K)
 Metaspace       used 78851K, committed 81152K, reserved 458752K
  class space    used 10653K, committed 11776K, reserved 327680K
}
Event: 6070.957 GC heap before
{Heap before GC invocations=19 (full 0):
 garbage-first heap   total 267264K, used 235133K [0x00000000e0000000, 0x0000000100000000)
  region size 1024K, 109 young (111616K), 5 survivors (5120K)
 Metaspace       used 77226K, committed 81152K, reserved 458752K
  class space    used 10233K, committed 11776K, reserved 327680K
}
Event: 6070.965 GC heap after
{Heap after GC invocations=20 (full 0):
 garbage-first heap   total 267264K, used 150059K [0x00000000e0000000, 0x0000000100000000)
  region size 1024K, 14 young (14336K), 14 survivors (14336K)
 Metaspace       used 77226K, committed 81152K, reserved 458752K
  class space    used 10233K, committed 11776K, reserved 327680K
}
Event: 6071.872 GC heap before
{Heap before GC invocations=20 (full 0):
 garbage-first heap   total 267264K, used 227883K [0x00000000e0000000, 0x0000000100000000)
  region size 1024K, 91 young (93184K), 14 survivors (14336K)
 Metaspace       used 79103K, committed 81472K, reserved 458752K
  class space    used 10467K, committed 11776K, reserved 327680K
}
Event: 6071.878 GC heap after
{Heap after GC invocations=21 (full 0):
 garbage-first heap   total 267264K, used 147367K [0x00000000e0000000, 0x0000000100000000)
  region size 1024K, 4 young (4096K), 4 survivors (4096K)
 Metaspace       used 79103K, committed 81472K, reserved 458752K
  class space    used 10467K, committed 11776K, reserved 327680K
}
Event: 8454.260 GC heap before
{Heap before GC invocations=21 (full 0):
 garbage-first heap   total 267264K, used 231335K [0x00000000e0000000, 0x0000000100000000)
  region size 1024K, 87 young (89088K), 4 survivors (4096K)
 Metaspace       used 79245K, committed 81472K, reserved 458752K
  class space    used 10470K, committed 11776K, reserved 327680K
}
Event: 8454.270 GC heap after
{Heap after GC invocations=22 (full 0):
 garbage-first heap   total 267264K, used 150707K [0x00000000e0000000, 0x0000000100000000)
  region size 1024K, 7 young (7168K), 7 survivors (7168K)
 Metaspace       used 79245K, committed 81472K, reserved 458752K
  class space    used 10470K, committed 11776K, reserved 327680K
}
Event: 8454.927 GC heap before
{Heap before GC invocations=23 (full 0):
 garbage-first heap   total 267264K, used 234675K [0x00000000e0000000, 0x0000000100000000)
  region size 1024K, 91 young (93184K), 7 survivors (7168K)
 Metaspace       used 77049K, committed 80512K, reserved 458752K
  class space    used 10117K, committed 11712K, reserved 327680K
}
Event: 8454.936 GC heap after
{Heap after GC invocations=24 (full 0):
 garbage-first heap   total 267264K, used 156607K [0x00000000e0000000, 0x0000000100000000)
  region size 1024K, 12 young (12288K), 12 survivors (12288K)
 Metaspace       used 77049K, committed 80512K, reserved 458752K
  class space    used 10117K, committed 11712K, reserved 327680K
}

